[2026-04-07T18:58:47.000Z] Runner started for https://blowoutcartcollective.com/nikemind/?affid=1&state=CA&click_id=test123
[2026-04-07T18:58:49.314Z] Row 1: browser opened in private session for pritam.bhar+000020000@codeclouds.com.
[2026-04-07T18:59:26.208Z] Row 1: failed with error=page.click: Timeout 30000ms exceeded.
Call log:
[2m  - waiting for locator('button[type=\'submit\']')[22m
[2m    - locator resolved to <button type="submit" class="btn btn-custom btn-primary btn-lg animated infinite pulse form_sub">Continue</button>[22m
[2m  - attempting click action[22m
[2m    2 × waiting for element to be visible, enabled and stable[22m
[2m      - element is not stable[22m
[2m    - retrying click action[22m
[2m    - waiting 20ms[22m
[2m    2 × waiting for element to be visible, enabled and stable[22m
[2m      - element is not stable[22m
[2m    - retrying click action[22m
[2m      - waiting 100ms[22m
[2m    54 × waiting for element to be visible, enabled and stable[22m
[2m       - element is not stable[22m
[2m     - retrying click action[22m
[2m       - waiting 500ms[22m
.
[2026-04-07T19:00:00.780Z] Row 1: browser session closed.
[2026-04-07T21:11:09+02:00] PHP action: report registered in index.json for ofr_20260407_205844_b3b80dc7
