[2026-04-07T19:18:31.308Z] Runner started for https://blowoutcartcollective.com/dewalt20vcordless6loolkit/?affid=1&click_id=test&state=CA
[2026-04-07T19:18:34.280Z] Row 1: browser opened in private session for pritam.bhar+000020000@codeclouds.com.
[2026-04-07T19:19:09.603Z] Row 1: failed with error=locator.scrollIntoViewIfNeeded: Timeout 29924.637000000002ms exceeded.
Call log:
[2m  - attempting scroll into view action[22m
[2m    2 × waiting for element to be stable[22m
[2m      - element is not stable[22m
[2m    - retrying scroll into view action[22m
[2m    - waiting 20ms[22m
[2m    2 × waiting for element to be stable[22m
[2m      - element is not stable[22m
[2m    - retrying scroll into view action[22m
[2m      - waiting 100ms[22m
[2m    51 × waiting for element to be stable[22m
[2m       - element is not stable[22m
[2m     - retrying scroll into view action[22m
[2m       - waiting 500ms[22m
.
[2026-04-07T19:19:16.089Z] Row 1: browser session closed.
[2026-04-07T21:27:57+02:00] PHP action: report registered in index.json for ofr_20260407_211827_94415cea
