[2026-03-27T20:54:31.774Z] Runner started for https://exclusivebargainslab.com/yeticooler/?affid=1&click_id=test123456789
[2026-03-27T20:54:35.430Z] Row 1: browser opened in private session for pritam.bhar+000020000@codeclouds.com.
[2026-03-27T20:55:11.818Z] Row 1: failed with error=page.click: Timeout 30000ms exceeded.
Call log:
[2m  - waiting for locator('button[type=\'submit\']')[22m
[2m    - locator resolved to <button type="submit" class="btn btn-custom btn-primary btn-lg animated infinite pulse form_sub">Continue</button>[22m
[2m  - attempting click action[22m
[2m    2 × waiting for element to be visible, enabled and stable[22m
[2m      - element is not stable[22m
[2m    - retrying click action[22m
[2m    - waiting 20ms[22m
[2m    2 × waiting for element to be visible, enabled and stable[22m
[2m      - element is not stable[22m
[2m    - retrying click action[22m
[2m      - waiting 100ms[22m
[2m    53 × waiting for element to be visible, enabled and stable[22m
[2m       - element is not stable[22m
[2m     - retrying click action[22m
[2m       - waiting 500ms[22m
.
[2026-03-27T20:55:12.662Z] Row 1: browser session closed.
[2026-03-27T22:05:38+01:00] PHP action: report registered in index.json for ofr_20260327_215428_32e72b07
