[2026-04-07T19:23:01.869Z] Runner started for https://blowoutcartcollective.com/dewalt20vcordless6loolkit/?affid=1&click_id=test&state=CA
[2026-04-07T19:23:04.314Z] Row 1: browser opened in private session for pritam.bhar+000020000@codeclouds.com.
[2026-04-07T19:23:40.309Z] Row 1: failed with error=locator.scrollIntoViewIfNeeded: Timeout 29948.149999999994ms exceeded.
Call log:
[2m  - attempting scroll into view action[22m
[2m    2 × waiting for element to be stable[22m
[2m      - element is not stable[22m
[2m    - retrying scroll into view action[22m
[2m    - waiting 20ms[22m
[2m    2 × waiting for element to be stable[22m
[2m      - element is not stable[22m
[2m    - retrying scroll into view action[22m
[2m      - waiting 100ms[22m
[2m    53 × waiting for element to be stable[22m
[2m       - element is not stable[22m
[2m     - retrying scroll into view action[22m
[2m       - waiting 500ms[22m
.
[2026-04-07T19:23:42.409Z] Row 1: browser session closed.
[2026-04-07T21:32:19+02:00] PHP action: report registered in index.json for ofr_20260407_212257_499c97ae
